1275543595|andrew|A|src/main.js| 
1275543595|andrew|M|src/main.jpg| 
1275543595|andrew|D|src/main.cs| 
1275543595|andrew|A|src/main.css| 
1275543595|andrew|M|src/main.html| 
1275543595|andrew|D|src/main.jpeg| 
1275543595|andrew|A|src/main.avi| 
1275543595|andrew|A|src/main.| 
1275543595|andrew|A|src/main.cpp| 
1275543595|andrew|A|src/main.cpp|
1275543595|andrew|A|src/main.cpp| 
1275543595|andrew|A|src/main.cpp| 
1275543595|andrew|A|src/main.cpp| 
1275543595|andrew|A|src/main.cpp| 
1275543595|andrew|A|src/main.cpp| 
1275543595|andrew|A|src/main.cpp| 
1275543595|andrew|A|src/main.cpp| 
1275543595|andrew|A|src/main.cpp| 
1275543595|andrew|A|src/sc/12d/2d/3d/4ds/main.cpp| 
1275543595|andrew|A|src/sc/main.js
1275543595|andrew|A|src/sc/12d/main.mp3
1275543595|andrew|A|src/sc/12d/2d/main.mp4
1275543595|andrew|A|src/sc/12d/2d/3d/main.avi
1275543595|andrew|A|src/sc/12d/2d/3d/4ds/main.cpp